2026-07-02 22:22:20 [main] INFO  Log - === Test Suite Started ===
2026-07-02 22:22:31 [main] INFO  Log - Test Started : verify_url
2026-07-02 22:22:31 [main] INFO  Log - Getting URL of the page
2026-07-02 22:22:31 [main] INFO  Log - Base URL verification completed
2026-07-02 22:22:31 [main] INFO  Log - Test Passed : verify_url
2026-07-02 22:22:33 [main] INFO  Log - === Test Suite Finished ===
2026-07-03 08:41:54 [main] INFO  Log - === Test Suite Started ===
2026-07-03 08:42:07 [main] INFO  Log - Test Started : verify_url
2026-07-03 08:42:07 [main] INFO  Log - Getting URL of the page
2026-07-03 08:42:07 [main] INFO  Log - Base URL verification completed
2026-07-03 08:42:07 [main] INFO  Log - Test Passed : verify_url
2026-07-03 08:42:08 [main] INFO  Log - === Test Suite Finished ===
2026-07-03 14:12:53 [main] INFO  Log - Entering Login Page
2026-07-03 14:14:54 [main] INFO  Log - Entering Login Page
2026-07-03 14:23:58 [main] INFO  Log - Entering Login Page
2026-07-03 14:24:54 [main] INFO  Log - Entering Login Page
2026-07-03 14:27:22 [main] INFO  Log - Entering Login Page
2026-07-03 14:28:15 [main] INFO  Log - Entering Login Page
2026-07-03 14:28:21 [main] INFO  Log - Invalid Google Login verified successfully
2026-07-03 14:33:35 [main] INFO  org.testng.internal.Utils - [TestNG] Running:
  C:\Users\2497864\AppData\Local\JetBrains\IdeaIC2025.2\temp-testng-customsuite.xml

2026-07-03 14:33:43 [main] INFO  org.zigwheels.test.TC_24FeedbackValidation - Scrolling to feedback section
2026-07-03 14:33:43 [main] INFO  org.zigwheels.test.TC_24FeedbackValidation - Clicking Feedback button
2026-07-03 14:33:43 [main] INFO  org.zigwheels.test.TC_24FeedbackValidation - Validating Angry Emoji
2026-07-03 14:33:43 [main] INFO  org.zigwheels.test.TC_24FeedbackValidation - Validating Excellent Emoji
2026-07-03 14:33:44 [main] INFO  org.zigwheels.test.TC_24FeedbackValidation - Clicking Excellent Emoji
2026-07-03 14:33:44 [main] INFO  org.zigwheels.test.TC_24FeedbackValidation - Validating Feedback Textbox
2026-07-03 14:33:44 [main] INFO  org.zigwheels.test.TC_24FeedbackValidation - Entering Feedback
2026-07-03 14:33:44 [main] INFO  org.zigwheels.test.TC_24FeedbackValidation - Validating Submit Button
2026-07-03 14:33:45 [main] INFO  org.zigwheels.test.TC_24FeedbackValidation - Clicking Submit Button
2026-07-03 14:33:45 [main] INFO  org.zigwheels.test.TC_24FeedbackValidation - Feedback submitted successfully
2026-07-03 14:41:42 [main] INFO  Log - Entering Login Page
2026-07-03 14:44:19 [main] INFO  Log - Entering Login Page
2026-07-03 14:44:26 [main] INFO  Log - Invalid Google Login verified successfully
2026-07-03 15:07:59 [main] INFO  Log - Entering Login Page
2026-07-03 15:08:00 [main] INFO  Log - Switched to Google Sign-In popup window
2026-07-03 15:08:24 [main] INFO  Log - Error message displayed : Couldn’t sign you in
2026-07-03 15:08:24 [main] INFO  Log - Invalid Google Login verified successfully
2026-07-03 15:18:51 [main] INFO  Log - Entering Login Page
2026-07-03 15:18:52 [main] INFO  Log - Switched to Google Sign-In popup window
2026-07-03 15:19:06 [main] INFO  Log - Error message displayed : Couldn’t sign you in
2026-07-03 15:19:06 [main] INFO  Log - Invalid Google Login verified successfully
2026-07-03 15:20:08 [main] INFO  Log - Entering Honda Bikes Page
2026-07-03 15:20:22 [main] INFO  Log - Honda Bike details extracted successfully
